<?xml version="1.0" encoding="UTF-8"?>
<testng-results skipped="0" failed="0" total="1" passed="1">
  <reporter-output>
  </reporter-output>
  <suite name="Default suite" duration-ms="3345" started-at="2017-05-28T07:48:29Z" finished-at="2017-05-28T07:48:33Z">
    <groups>
    </groups>
    <test name="Default test" duration-ms="3345" started-at="2017-05-28T07:48:29Z" finished-at="2017-05-28T07:48:33Z">
      <class name="basics2">
        <test-method status="PASS" signature="createAndDelete()[pri:0, instance:basics2@51081592]" name="createAndDelete" duration-ms="3315" started-at="2017-05-28T00:48:29Z" finished-at="2017-05-28T00:48:33Z">
          <reporter-output>
          </reporter-output>
        </test-method> <!-- createAndDelete -->
      </class> <!-- basics2 -->
    </test> <!-- Default test -->
  </suite> <!-- Default suite -->
</testng-results>
